<?xml version="1.0" encoding="UTF-8"?>
<!-- Generated by org.testng.reporters.JUnitXMLReporter -->
<testsuite ignored="6" hostname="Piltu" failures="0" tests="4" name="Test" time="30.161" errors="0" timestamp="2024-08-30T10:37:59 IST">
  <testcase classname="tc2_repository.ORG_02" name="org_02case" time="12.668"/>
  <testcase classname="tc2_repository.ORG_01" name="org_01case" time="12.516"/>
  <testcase classname="tc2_repository.ORG_04" name="org_04case" time="13.505"/>
  <testcase classname="tc2_repository.ORG_03" name="org_03case" time="12.541"/>
  <testcase classname="genericUtilityOrLib.BaseClass" name="@AfterSuite closeConnection" time="0.0">
    <ignored/>
  </testcase> <!-- @AfterSuite closeConnection -->
  <testcase classname="genericUtilityOrLib.BaseClass" name="@AfterSuite closeConnection" time="0.0">
    <ignored/>
  </testcase> <!-- @AfterSuite closeConnection -->
  <testcase classname="genericUtilityOrLib.BaseClass" name="@AfterSuite closeConnection" time="0.0">
    <ignored/>
  </testcase> <!-- @AfterSuite closeConnection -->
  <testcase classname="genericUtilityOrLib.BaseClass" name="@BeforeSuite createConnection" time="0.0">
    <ignored/>
  </testcase> <!-- @BeforeSuite createConnection -->
  <testcase classname="genericUtilityOrLib.BaseClass" name="@BeforeSuite createConnection" time="0.0">
    <ignored/>
  </testcase> <!-- @BeforeSuite createConnection -->
  <testcase classname="genericUtilityOrLib.BaseClass" name="@BeforeSuite createConnection" time="0.0">
    <ignored/>
  </testcase> <!-- @BeforeSuite createConnection -->
</testsuite> <!-- Test -->
